<?xml version="1.0" encoding="UTF-8"?>
<testng-results ignored="0" total="1" passed="1" failed="0" skipped="0">
  <reporter-output>
  </reporter-output>
  <suite started-at="2024-06-13T18:27:18 BDT" name="Default suite" finished-at="2024-06-13T18:28:51 BDT" duration-ms="92605">
    <groups>
    </groups>
    <test started-at="2024-06-13T18:27:18 BDT" name="Default test" finished-at="2024-06-13T18:28:51 BDT" duration-ms="92605">
      <class name="testcases.HomePageTest">
        <test-method is-config="true" signature="setBrowser()[pri:0, instance:testcases.HomePageTest@3f9342d4]" started-at="2024-06-13T18:27:15 BDT" name="setBrowser" finished-at="2024-06-13T18:27:18 BDT" duration-ms="2994" status="PASS">
          <reporter-output>
          </reporter-output>
        </test-method> <!-- setBrowser -->
        <test-method signature="HomeTestCase()[pri:0, instance:testcases.HomePageTest@3f9342d4]" started-at="2024-06-13T18:27:18 BDT" name="HomeTestCase" finished-at="2024-06-13T18:28:51 BDT" duration-ms="92478" status="PASS">
          <reporter-output>
          </reporter-output>
        </test-method> <!-- HomeTestCase -->
        <test-method is-config="true" signature="quitBrowser()[pri:0, instance:testcases.HomePageTest@3f9342d4]" started-at="2024-06-13T18:28:51 BDT" name="quitBrowser" finished-at="2024-06-13T18:28:52 BDT" duration-ms="826" status="PASS">
          <reporter-output>
          </reporter-output>
        </test-method> <!-- quitBrowser -->
      </class> <!-- testcases.HomePageTest -->
    </test> <!-- Default test -->
  </suite> <!-- Default suite -->
</testng-results>
